[2019-01-15 16:38:56,301] multiqc                                            [DEBUG  ]  No MultiQC config found: /opt/miniconda3/lib/python3.6/site-packages/multiqc_config.yaml
[2019-01-15 16:38:56,301] multiqc                                            [DEBUG  ]  No MultiQC config found: /home/leggles/.multiqc_config.yaml
[2019-01-15 16:38:56,301] multiqc                                            [DEBUG  ]  No MultiQC config found: multiqc_config.yaml
[2019-01-15 16:38:56,301] multiqc                                            [DEBUG  ]  Command used: /opt/miniconda3/bin/multiqc .
[2019-01-15 16:38:57,495] multiqc                                            [WARNING]  MultiQC Version v1.7 now available!
[2019-01-15 16:38:57,496] multiqc                                            [INFO   ]  This is MultiQC v1.6
[2019-01-15 16:38:57,496] multiqc                                            [DEBUG  ]  Command     : /opt/miniconda3/bin/multiqc .
[2019-01-15 16:38:57,496] multiqc                                            [DEBUG  ]  Working dir : /home/leggles/work/quality
[2019-01-15 16:38:57,497] multiqc                                            [INFO   ]  Template    : default
[2019-01-15 16:38:57,497] multiqc                                            [INFO   ]  Searching '.'
[2019-01-15 16:38:57,498] multiqc                                            [DEBUG  ]  Analysing modules: custom_content, conpair, peddy, methylQA, qualimap, preseq, quast, qorts, rna_seqc, rsem, rseqc, busco, goleft_indexcov, disambiguate, supernova, deeptools, sargasso, verifybamid, mirtrace, happy, homer, macs2, theta2, snpeff, gatk, htseq, bcftools, featureCounts, dedup, picard, prokka, samblaster, samtools, bamtools, jellyfish, vcftools, longranger, bbmap, bismark, hicexplorer, hicup, hicpro, salmon, kallisto, slamdunk, star, hisat2, tophat, bowtie2, bowtie1, kat, leehom, adapterRemoval, clipandmerge, cutadapt, flexbar, trimmomatic, skewer, sortmerna, biobloomtools, fastq_screen, afterqc, fastp, fastqc, clusterflow, bcl2fastq, interop
[2019-01-15 16:38:57,499] multiqc                                            [DEBUG  ]  Using temporary directory for creating report: /tmp/tmpg3ppi70l
[2019-01-15 16:38:57,624] multiqc                                            [DEBUG  ]  Ignoring file as matched an ignore pattern: 6Hour_CGATGT_L002_R2_003.fastq
[2019-01-15 16:38:57,624] multiqc                                            [DEBUG  ]  Ignoring file as matched an ignore pattern: 0Hour_ATCACG_L002_R2_005.fastq
[2019-01-15 16:38:57,625] multiqc                                            [DEBUG  ]  Ignoring file as matched an ignore pattern: 0Hour_ATCACG_L002_R2_002_fastqc.html
[2019-01-15 16:38:57,625] multiqc                                            [DEBUG  ]  Ignoring file as matched an ignore pattern: 0Hour_ATCACG_L002_R1_003.fastq
[2019-01-15 16:38:57,625] multiqc                                            [DEBUG  ]  Ignoring file as matched an ignore pattern: 6Hour_CGATGT_L002_R2_001.fastq
[2019-01-15 16:38:57,636] multiqc                                            [DEBUG  ]  Ignoring file as matched an ignore pattern: 6Hour_CGATGT_L002_R2_001_fastqc.html
[2019-01-15 16:38:57,637] multiqc                                            [DEBUG  ]  Ignoring file as matched an ignore pattern: 6Hour_CGATGT_L002_R1_003.fastq
[2019-01-15 16:38:57,638] multiqc                                            [DEBUG  ]  Ignoring file as matched an ignore pattern: 0Hour_ATCACG_L002_R2_003_fastqc.html
[2019-01-15 16:38:57,638] multiqc                                            [DEBUG  ]  Ignoring file as matched an ignore pattern: 6Hour_CGATGT_L002_R2_002.fastq
[2019-01-15 16:38:57,639] multiqc                                            [DEBUG  ]  Ignoring file as matched an ignore pattern: 6Hour_CGATGT_L002_R1_004.fastq
[2019-01-15 16:38:57,639] multiqc                                            [DEBUG  ]  Ignoring file as matched an ignore pattern: 6Hour_CGATGT_L002_R1_001.fastq
[2019-01-15 16:38:57,640] multiqc                                            [DEBUG  ]  Ignoring file as matched an ignore pattern: 0Hour_ATCACG_L002_R2_001_fastqc.html
[2019-01-15 16:38:57,641] multiqc                                            [DEBUG  ]  Ignoring file as matched an ignore pattern: 0Hour_ATCACG_L002_R1_001.fastq
[2019-01-15 16:38:57,641] multiqc                                            [DEBUG  ]  Ignoring file as matched an ignore pattern: 6Hour_CGATGT_L002_R1_005_fastqc.html
[2019-01-15 16:38:57,642] multiqc                                            [DEBUG  ]  Ignoring file as matched an ignore pattern: 6Hour_CGATGT_L002_R1_003_fastqc.html
[2019-01-15 16:38:57,643] multiqc                                            [DEBUG  ]  Ignoring file as matched an ignore pattern: 6Hour_CGATGT_L002_R2_004.fastq
[2019-01-15 16:38:57,644] multiqc                                            [DEBUG  ]  Ignoring file as matched an ignore pattern: 6Hour_CGATGT_L002_R1_001_fastqc.html
[2019-01-15 16:38:57,644] multiqc                                            [DEBUG  ]  Ignoring file as matched an ignore pattern: 6Hour_CGATGT_L002_R1_005.fastq
[2019-01-15 16:38:57,644] multiqc                                            [DEBUG  ]  Ignoring file as matched an ignore pattern: 6Hour_CGATGT_L002_R2_003_fastqc.html
[2019-01-15 16:38:57,645] multiqc                                            [DEBUG  ]  Ignoring file as matched an ignore pattern: 6Hour_CGATGT_L002_R1_002_fastqc.html
[2019-01-15 16:38:57,647] multiqc                                            [DEBUG  ]  Ignoring file as matched an ignore pattern: 0Hour_ATCACG_L002_R1_001_fastqc.html
[2019-01-15 16:38:57,648] multiqc                                            [DEBUG  ]  Ignoring file as matched an ignore pattern: 0Hour_ATCACG_L002_R2_005_fastqc.html
[2019-01-15 16:38:57,648] multiqc                                            [DEBUG  ]  Ignoring file as matched an ignore pattern: 0Hour_ATCACG_L002_R2_004_fastqc.html
[2019-01-15 16:38:57,649] multiqc                                            [DEBUG  ]  Ignoring file as matched an ignore pattern: 0Hour_ATCACG_L002_R1_005_fastqc.html
[2019-01-15 16:38:57,649] multiqc                                            [DEBUG  ]  Ignoring file as matched an ignore pattern: 6Hour_CGATGT_L002_R2_002_fastqc.html
[2019-01-15 16:38:57,650] multiqc                                            [DEBUG  ]  Ignoring file as matched an ignore pattern: 6Hour_CGATGT_L002_R1_002.fastq
[2019-01-15 16:38:57,650] multiqc                                            [DEBUG  ]  Ignoring file as matched an ignore pattern: 0Hour_ATCACG_L002_R1_004.fastq
[2019-01-15 16:38:57,651] multiqc                                            [DEBUG  ]  Ignoring file as matched an ignore pattern: 0Hour_ATCACG_L002_R1_002.fastq
[2019-01-15 16:38:57,651] multiqc                                            [DEBUG  ]  Ignoring file as matched an ignore pattern: 6Hour_CGATGT_L002_R2_005.fastq
[2019-01-15 16:38:57,652] multiqc                                            [DEBUG  ]  Ignoring file as matched an ignore pattern: 6Hour_CGATGT_L002_R2_005_fastqc.html
[2019-01-15 16:38:57,652] multiqc                                            [DEBUG  ]  Ignoring file as matched an ignore pattern: 0Hour_ATCACG_L002_R1_004_fastqc.html
[2019-01-15 16:38:57,652] multiqc                                            [DEBUG  ]  Ignoring file as matched an ignore pattern: 0Hour_ATCACG_L002_R2_003.fastq
[2019-01-15 16:38:57,652] multiqc                                            [DEBUG  ]  Ignoring file as matched an ignore pattern: 0Hour_ATCACG_L002_R2_004.fastq
[2019-01-15 16:38:57,653] multiqc                                            [DEBUG  ]  Ignoring file as matched an ignore pattern: 6Hour_CGATGT_L002_R2_004_fastqc.html
[2019-01-15 16:38:57,653] multiqc                                            [DEBUG  ]  Ignoring file as matched an ignore pattern: 0Hour_ATCACG_L002_R2_002.fastq
[2019-01-15 16:38:57,653] multiqc                                            [DEBUG  ]  Ignoring file as matched an ignore pattern: 0Hour_ATCACG_L002_R1_002_fastqc.html
[2019-01-15 16:38:57,654] multiqc                                            [DEBUG  ]  Ignoring file as matched an ignore pattern: 0Hour_ATCACG_L002_R1_003_fastqc.html
[2019-01-15 16:38:57,654] multiqc                                            [DEBUG  ]  Ignoring file as matched an ignore pattern: 6Hour_CGATGT_L002_R1_004_fastqc.html
[2019-01-15 16:38:57,655] multiqc                                            [DEBUG  ]  Ignoring file as matched an ignore pattern: 0Hour_ATCACG_L002_R1_005.fastq
[2019-01-15 16:38:57,655] multiqc                                            [DEBUG  ]  Ignoring file as matched an ignore pattern: 0Hour_ATCACG_L002_R2_001.fastq
[2019-01-15 16:38:59,858] multiqc                                            [DEBUG  ]  No samples found: custom_content
[2019-01-15 16:38:59,870] multiqc                                            [DEBUG  ]  No samples found: conpair
[2019-01-15 16:38:59,883] multiqc                                            [DEBUG  ]  No samples found: peddy
[2019-01-15 16:38:59,894] multiqc                                            [DEBUG  ]  No samples found: methylQA
[2019-01-15 16:38:59,910] multiqc                                            [DEBUG  ]  No samples found: qualimap
[2019-01-15 16:38:59,920] multiqc                                            [DEBUG  ]  No samples found: preseq
[2019-01-15 16:38:59,929] multiqc                                            [DEBUG  ]  No samples found: quast
[2019-01-15 16:38:59,943] multiqc                                            [DEBUG  ]  No samples found: qorts
[2019-01-15 16:38:59,952] multiqc                                            [DEBUG  ]  No samples found: rna_seqc
[2019-01-15 16:38:59,966] multiqc                                            [DEBUG  ]  No samples found: rsem
[2019-01-15 16:38:59,987] multiqc                                            [DEBUG  ]  No samples found: rseqc
[2019-01-15 16:38:59,996] multiqc                                            [DEBUG  ]  No samples found: busco
[2019-01-15 16:39:00,006] multiqc                                            [DEBUG  ]  No samples found: goleft_indexcov
[2019-01-15 16:39:00,014] multiqc                                            [DEBUG  ]  No samples found: disambiguate
[2019-01-15 16:39:00,023] multiqc                                            [DEBUG  ]  No samples found: supernova
[2019-01-15 16:39:00,040] multiqc                                            [DEBUG  ]  No samples found: deeptools
[2019-01-15 16:39:00,052] multiqc                                            [DEBUG  ]  No samples found: sargasso
[2019-01-15 16:39:00,063] multiqc                                            [DEBUG  ]  No samples found: verifybamid
[2019-01-15 16:39:00,073] multiqc                                            [DEBUG  ]  No samples found: mirtrace
[2019-01-15 16:39:00,082] multiqc                                            [DEBUG  ]  No samples found: happy
[2019-01-15 16:39:00,095] multiqc                                            [DEBUG  ]  No samples found: homer
[2019-01-15 16:39:00,104] multiqc                                            [DEBUG  ]  No samples found: macs2
[2019-01-15 16:39:00,112] multiqc                                            [DEBUG  ]  No samples found: theta2
[2019-01-15 16:39:00,121] multiqc                                            [DEBUG  ]  No samples found: snpeff
[2019-01-15 16:39:00,138] multiqc                                            [DEBUG  ]  No samples found: gatk
[2019-01-15 16:39:00,149] multiqc                                            [DEBUG  ]  No samples found: htseq
[2019-01-15 16:39:00,160] multiqc                                            [DEBUG  ]  No samples found: bcftools
[2019-01-15 16:39:00,170] multiqc                                            [DEBUG  ]  No samples found: featureCounts
[2019-01-15 16:39:00,179] multiqc                                            [DEBUG  ]  No samples found: dedup
[2019-01-15 16:39:00,206] multiqc                                            [DEBUG  ]  No samples found: picard
[2019-01-15 16:39:00,215] multiqc                                            [DEBUG  ]  No samples found: prokka
[2019-01-15 16:39:00,224] multiqc                                            [DEBUG  ]  No samples found: samblaster
[2019-01-15 16:39:00,241] multiqc                                            [DEBUG  ]  No samples found: samtools
[2019-01-15 16:39:00,250] multiqc                                            [DEBUG  ]  No samples found: bamtools
[2019-01-15 16:39:00,262] multiqc                                            [DEBUG  ]  No samples found: jellyfish
[2019-01-15 16:39:00,274] multiqc                                            [DEBUG  ]  No samples found: vcftools
[2019-01-15 16:39:00,282] multiqc                                            [DEBUG  ]  No samples found: longranger
[2019-01-15 16:39:00,303] multiqc                                            [DEBUG  ]  No samples found: bbmap
[2019-01-15 16:39:00,311] multiqc                                            [DEBUG  ]  No samples found: bismark
[2019-01-15 16:39:00,320] multiqc                                            [DEBUG  ]  No samples found: hicexplorer
[2019-01-15 16:39:00,327] multiqc                                            [DEBUG  ]  No samples found: hicup
[2019-01-15 16:39:00,334] multiqc                                            [DEBUG  ]  No samples found: hicpro
[2019-01-15 16:39:00,341] multiqc                                            [DEBUG  ]  No samples found: salmon
[2019-01-15 16:39:00,348] multiqc                                            [DEBUG  ]  No samples found: kallisto
[2019-01-15 16:39:00,356] multiqc                                            [DEBUG  ]  No samples found: slamdunk
[2019-01-15 16:39:00,367] multiqc                                            [DEBUG  ]  No samples found: star
[2019-01-15 16:39:00,374] multiqc                                            [DEBUG  ]  No samples found: hisat2
[2019-01-15 16:39:00,382] multiqc                                            [DEBUG  ]  No samples found: tophat
[2019-01-15 16:39:00,390] multiqc                                            [DEBUG  ]  No samples found: bowtie2
[2019-01-15 16:39:00,397] multiqc                                            [DEBUG  ]  No samples found: bowtie1
[2019-01-15 16:39:00,409] multiqc                                            [DEBUG  ]  No samples found: kat
[2019-01-15 16:39:00,416] multiqc                                            [DEBUG  ]  No samples found: leehom
[2019-01-15 16:39:00,423] multiqc                                            [DEBUG  ]  No samples found: adapterRemoval
[2019-01-15 16:39:00,430] multiqc                                            [DEBUG  ]  No samples found: clipandmerge
[2019-01-15 16:39:00,437] multiqc                                            [DEBUG  ]  No samples found: cutadapt
[2019-01-15 16:39:00,444] multiqc                                            [DEBUG  ]  No samples found: flexbar
[2019-01-15 16:39:00,452] multiqc                                            [DEBUG  ]  No samples found: trimmomatic
[2019-01-15 16:39:00,459] multiqc                                            [DEBUG  ]  No samples found: skewer
[2019-01-15 16:39:00,466] multiqc                                            [DEBUG  ]  No samples found: sortmerna
[2019-01-15 16:39:00,473] multiqc                                            [DEBUG  ]  No samples found: biobloomtools
[2019-01-15 16:39:00,480] multiqc                                            [DEBUG  ]  No samples found: fastq_screen
[2019-01-15 16:39:00,487] multiqc                                            [DEBUG  ]  No samples found: afterqc
[2019-01-15 16:39:00,494] multiqc                                            [DEBUG  ]  No samples found: fastp
[2019-01-15 16:39:00,630] multiqc.modules.fastqc.fastqc                      [INFO   ]  Found 20 reports
[2019-01-15 16:39:01,352] multiqc                                            [DEBUG  ]  No samples found: clusterflow
[2019-01-15 16:39:01,359] multiqc                                            [DEBUG  ]  No samples found: bcl2fastq
[2019-01-15 16:39:01,367] multiqc                                            [DEBUG  ]  No samples found: interop
[2019-01-15 16:39:01,424] multiqc                                            [INFO   ]  Compressing plot data
[2019-01-15 16:39:01,876] multiqc                                            [INFO   ]  Report      : multiqc_report.html
[2019-01-15 16:39:01,876] multiqc                                            [INFO   ]  Data        : multiqc_data
[2019-01-15 16:39:01,877] multiqc                                            [DEBUG  ]  Moving data file from '/tmp/tmpg3ppi70l/multiqc_data/multiqc_data.json' to '/home/leggles/work/quality/multiqc_data'
[2019-01-15 16:39:01,877] multiqc                                            [DEBUG  ]  Moving data file from '/tmp/tmpg3ppi70l/multiqc_data/multiqc_fastqc.txt' to '/home/leggles/work/quality/multiqc_data'
[2019-01-15 16:39:01,877] multiqc                                            [DEBUG  ]  Moving data file from '/tmp/tmpg3ppi70l/multiqc_data/multiqc_general_stats.txt' to '/home/leggles/work/quality/multiqc_data'
[2019-01-15 16:39:01,877] multiqc                                            [DEBUG  ]  Moving data file from '/tmp/tmpg3ppi70l/multiqc_data/multiqc_sources.txt' to '/home/leggles/work/quality/multiqc_data'
[2019-01-15 16:39:02,155] multiqc                                            [INFO   ]  MultiQC complete
